d:\users\john_lai\desktop\latest\pid_revised_cacc_dll\temp\release\drivermodel\drivermodel.pdb
d:\users\john_lai\desktop\latest\pid_revised_cacc_dll\temp\release\drivermodel\drivermodel.obj
d:\users\john_lai\desktop\latest\pid_revised_cacc_dll\temp\release\drivermodel\drivermodel
d:\users\john_lai\desktop\latest\pid_revised_cacc_dll\temp\release\drivermodel\socket_server.obj
d:\users\john_lai\desktop\latest\pid_revised_cacc_dll\temp\release\drivermodel\simvehicle.obj
d:\users\john_lai\desktop\latest\pid_revised_cacc_dll\temp\release\drivermodel\testcacc_data.obj
d:\users\john_lai\desktop\latest\pid_revised_cacc_dll\temp\release\drivermodel\testcacc.obj
d:\users\john_lai\desktop\latest\pid_revised_cacc_dll\temp\release\drivermodel\platoon.obj
d:\users\john_lai\desktop\latest\pid_revised_cacc_dll\temp\release\drivermodel\log.obj
d:\users\john_lai\desktop\latest\pid_revised_cacc_dll\temp\release\drivermodel\link.obj
d:\users\john_lai\desktop\latest\pid_revised_cacc_dll\lib\release\drivermodel.lib
d:\users\john_lai\desktop\latest\pid_revised_cacc_dll\lib\release\drivermodel.exp
d:\users\john_lai\desktop\latest\pid_revised_cacc_dll\x64\release\drivermodel.dll
d:\users\john_lai\desktop\latest\pid_revised_cacc_dll\release\drivermodel.pdb
d:\学习资料\cacc_lai\x64\release\drivermodel.dll
d:\学习资料\cacc_lai\x64\release\drivermodel.tlog\cl.command.1.tlog
d:\学习资料\cacc_lai\x64\release\drivermodel.tlog\cl.read.1.tlog
d:\学习资料\cacc_lai\x64\release\drivermodel.tlog\cl.write.1.tlog
d:\学习资料\cacc_lai\x64\release\drivermodel.tlog\drivermodel.write.1u.tlog
d:\学习资料\cacc_lai\x64\release\drivermodel.tlog\link.command.1.tlog
d:\学习资料\cacc_lai\x64\release\drivermodel.tlog\link.read.1.tlog
d:\学习资料\cacc_lai\x64\release\drivermodel.tlog\link.write.1.tlog
