d:\卡车编队仿真平台论文\仿真实验\2、interactive traffic 5、cut-in\cacc_driver_model  truck\temp\debug\drivermodel\drivermodel.pdb
d:\卡车编队仿真平台论文\仿真实验\2、interactive traffic 5、cut-in\cacc_driver_model  truck\temp\debug\drivermodel\drivermodel.obj
d:\卡车编队仿真平台论文\仿真实验\2、interactive traffic 5、cut-in\cacc_driver_model  truck\temp\debug\drivermodel\drivermodel
d:\卡车编队仿真平台论文\仿真实验\2、interactive traffic 5、cut-in\cacc_driver_model  truck\temp\debug\drivermodel\vehicledynamicmodel.obj
d:\卡车编队仿真平台论文\仿真实验\2、interactive traffic 5、cut-in\cacc_driver_model  truck\temp\debug\drivermodel\simvehicle.obj
d:\卡车编队仿真平台论文\仿真实验\2、interactive traffic 5、cut-in\cacc_driver_model  truck\temp\debug\drivermodel\read.obj
d:\卡车编队仿真平台论文\仿真实验\2、interactive traffic 5、cut-in\cacc_driver_model  truck\temp\debug\drivermodel\platoon.obj
d:\卡车编队仿真平台论文\仿真实验\2、interactive traffic 5、cut-in\cacc_driver_model  truck\temp\debug\drivermodel\mercedesbenz_data.obj
d:\卡车编队仿真平台论文\仿真实验\2、interactive traffic 5、cut-in\cacc_driver_model  truck\temp\debug\drivermodel\mercedesbenz.obj
d:\卡车编队仿真平台论文\仿真实验\2、interactive traffic 5、cut-in\cacc_driver_model  truck\temp\debug\drivermodel\log.obj
d:\卡车编队仿真平台论文\仿真实验\2、interactive traffic 5、cut-in\cacc_driver_model  truck\temp\debug\drivermodel\link.obj
d:\卡车编队仿真平台论文\仿真实验\2、interactive traffic 5、cut-in\cacc_driver_model  truck\temp\debug\drivermodel\decision maker.obj
d:\卡车编队仿真平台论文\仿真实验\2、interactive traffic 5、cut-in\cacc_driver_model  truck\temp\debug\drivermodel\control.obj
d:\卡车编队仿真平台论文\仿真实验\2、interactive traffic 5、cut-in\cacc_driver_model  truck\lib\debug\drivermodel.lib
d:\卡车编队仿真平台论文\仿真实验\2、interactive traffic 5、cut-in\cacc_driver_model  truck\lib\debug\drivermodel.exp
d:\卡车编队仿真平台论文\仿真实验\2、interactive traffic 5、cut-in\cacc_driver_model  truck\x64\debug\drivermodel.dll
d:\卡车编队仿真平台论文\仿真实验\2、interactive traffic 5、cut-in\cacc_driver_model  truck\x64\debug\drivermodel.ilk
d:\卡车编队仿真平台论文\仿真实验\2、interactive traffic 5、cut-in\cacc_driver_model  truck\x64\debug\drivermodel.tlog\cl.command.1.tlog
d:\卡车编队仿真平台论文\仿真实验\2、interactive traffic 5、cut-in\cacc_driver_model  truck\x64\debug\drivermodel.tlog\cl.read.1.tlog
d:\卡车编队仿真平台论文\仿真实验\2、interactive traffic 5、cut-in\cacc_driver_model  truck\x64\debug\drivermodel.tlog\cl.write.1.tlog
d:\卡车编队仿真平台论文\仿真实验\2、interactive traffic 5、cut-in\cacc_driver_model  truck\x64\debug\drivermodel.tlog\drivermodel.write.1u.tlog
d:\卡车编队仿真平台论文\仿真实验\2、interactive traffic 5、cut-in\cacc_driver_model  truck\x64\debug\drivermodel.tlog\link.command.1.tlog
d:\卡车编队仿真平台论文\仿真实验\2、interactive traffic 5、cut-in\cacc_driver_model  truck\x64\debug\drivermodel.tlog\link.read.1.tlog
d:\卡车编队仿真平台论文\仿真实验\2、interactive traffic 5、cut-in\cacc_driver_model  truck\x64\debug\drivermodel.tlog\link.write.1.tlog
